2015-09-17 17:32:16,417 INFO app 113: CALLED /api/address
2015-09-17 17:32:16,850 INFO app 66: CALLED /api/register/18Bz4pvK2ToirStZ49e9j5gMqcBankUM1m/18Bz4pvK2ToirStZ49e9j5gMqcBankUM1m
2015-09-17 17:32:17,698 INFO app 177: CALLED /api/height/18Bz4pvK2ToirStZ49e9j5gMqcBankUM1m/1
2015-09-17 17:32:19,004 INFO app 177: CALLED /api/height/18Bz4pvK2ToirStZ49e9j5gMqcBankUM1m/2
2015-09-17 17:32:20,431 INFO app 66: CALLED /api/register/17cU6s9fAdJdJoe1BDtMXvJScjNTHQBmZ7/17cU6s9fAdJdJoe1BDtMXvJScjNTHQBmZ7
2015-09-17 17:32:21,725 INFO app 177: CALLED /api/height/17cU6s9fAdJdJoe1BDtMXvJScjNTHQBmZ7/1
2015-09-17 17:32:22,569 INFO app 177: CALLED /api/height/17cU6s9fAdJdJoe1BDtMXvJScjNTHQBmZ7/4
2015-09-17 17:32:22,940 INFO app 137: CALLED /api/online/json
2015-09-17 17:32:25,051 INFO app 113: CALLED /api/address
2015-09-17 17:32:25,941 INFO app 66: CALLED /api/register/1EKAWyH3XsDhqCHZgxL2RpprXukgX3gbV6/1EKAWyH3XsDhqCHZgxL2RpprXukgX3gbV6
2015-09-17 17:32:26,352 INFO app 113: CALLED /api/address
2015-09-17 17:32:27,257 INFO app 177: CALLED /api/height/1EKAWyH3XsDhqCHZgxL2RpprXukgX3gbV6/1
2015-09-17 17:32:28,057 INFO app 177: CALLED /api/height/1EKAWyH3XsDhqCHZgxL2RpprXukgX3gbV6/2
2015-09-17 17:32:30,502 INFO app 113: CALLED /api/address
2015-09-17 17:32:31,391 INFO app 66: CALLED /api/register/1LH46Ztyj8VkgkJ5LyTfNNyAvUPUytnnpw/1LH46Ztyj8VkgkJ5LyTfNNyAvUPUytnnpw
2015-09-17 17:32:32,218 INFO app 177: CALLED /api/height/1LH46Ztyj8VkgkJ5LyTfNNyAvUPUytnnpw/1
2015-09-17 17:32:33,049 INFO app 177: CALLED /api/height/1LH46Ztyj8VkgkJ5LyTfNNyAvUPUytnnpw/2
2015-09-17 17:32:33,871 INFO app 89: CALLED /api/ping/1LH46Ztyj8VkgkJ5LyTfNNyAvUPUytnnpw
2015-09-17 17:32:36,657 INFO app 66: CALLED /api/register/1MsntiBd26rqrvg2XJSw49LzMRtoXjNn18/1MsntiBd26rqrvg2XJSw49LzMRtoXjNn18
2015-09-17 17:32:42,065 INFO app 66: CALLED /api/register/1F1GmEMRUDgcq2TrKFpvjQBLfSAxbuFP19/1F1GmEMRUDgcq2TrKFpvjQBLfSAxbuFP19
2015-09-17 17:32:42,880 INFO app 89: CALLED /api/ping/1F1GmEMRUDgcq2TrKFpvjQBLfSAxbuFP19
2015-09-17 17:32:46,152 INFO app 66: CALLED /api/register/1FSzFVRya5iVcndq7CBjm9B4Ug6LsFV8MZ/1FSzFVRya5iVcndq7CBjm9B4Ug6LsFV8MZ
2015-09-17 17:32:47,044 INFO app 89: CALLED /api/ping/1FSzFVRya5iVcndq7CBjm9B4Ug6LsFV8MZ
2015-09-17 17:32:49,388 INFO app 113: CALLED /api/address
2015-09-17 17:32:49,831 INFO app 66: CALLED /api/register/12d9wiABHSEotgUBNQ3egG8p2ceqkiuiDC/12d9wiABHSEotgUBNQ3egG8p2ceqkiuiDC
2015-09-17 17:32:55,280 INFO app 66: CALLED /api/register/1BAbbNe1xLzByTxPbxMKQ644EFR2eKSXgB/1BAbbNe1xLzByTxPbxMKQ644EFR2eKSXgB
2015-09-17 17:32:56,135 INFO app 177: CALLED /api/height/1BAbbNe1xLzByTxPbxMKQ644EFR2eKSXgB/1
2015-09-17 17:32:56,954 INFO app 177: CALLED /api/height/1BAbbNe1xLzByTxPbxMKQ644EFR2eKSXgB/2
2015-09-17 17:32:58,241 INFO app 89: CALLED /api/ping/1BAbbNe1xLzByTxPbxMKQ644EFR2eKSXgB
2015-09-17 17:33:00,947 INFO app 89: CALLED /api/ping/1BAbbNe1xLzByTxPbxMKQ644EFR2eKSXgB
2015-09-17 17:33:04,219 INFO app 66: CALLED /api/register/1bpmgshskZEckoNyMs4QytRw6RTgXA3nR/1bpmgshskZEckoNyMs4QytRw6RTgXA3nR
2015-09-17 17:33:05,506 INFO app 66: CALLED /api/register/1bpmgshskZEckoNyMs4QytRw6RTgXA3nR/1bpmgshskZEckoNyMs4QytRw6RTgXA3nR
2015-09-17 17:33:05,764 WARNING dataserv.Farmer 78: Address already registered: 1bpmgshskZEckoNyMs4QytRw6RTgXA3nR
2015-09-17 17:33:05,765 WARNING app 79: Address already is registered.
2015-09-17 17:33:06,273 INFO app 177: CALLED /api/height/1bpmgshskZEckoNyMs4QytRw6RTgXA3nR/1
2015-09-17 17:33:07,610 INFO app 177: CALLED /api/height/1bpmgshskZEckoNyMs4QytRw6RTgXA3nR/2
2015-09-17 17:33:08,460 INFO app 89: CALLED /api/ping/1bpmgshskZEckoNyMs4QytRw6RTgXA3nR
2015-09-17 17:33:11,186 INFO app 89: CALLED /api/ping/1bpmgshskZEckoNyMs4QytRw6RTgXA3nR
2015-09-17 17:33:11,443 INFO app 137: CALLED /api/online/json
2015-09-17 17:33:15,663 INFO app 113: CALLED /api/address
2015-09-17 17:33:16,082 INFO app 66: CALLED /api/register/16Qg6myTepGY6w8sazGsCzuY8RShfTygrb/16Qg6myTepGY6w8sazGsCzuY8RShfTygrb
2015-09-17 17:33:17,398 INFO app 89: CALLED /api/ping/16Qg6myTepGY6w8sazGsCzuY8RShfTygrb
2015-09-17 17:33:20,175 INFO app 66: CALLED /api/register/1HTx7aUhwXB6hp7GtUj2Br3mNkCjcUxoUR/1HTx7aUhwXB6hp7GtUj2Br3mNkCjcUxoUR
2015-09-17 17:33:21,565 INFO app 89: CALLED /api/ping/1HTx7aUhwXB6hp7GtUj2Br3mNkCjcUxoUR
2015-09-17 17:33:24,726 INFO app 89: CALLED /api/ping/1HTx7aUhwXB6hp7GtUj2Br3mNkCjcUxoUR
2015-09-17 17:33:27,061 INFO app 113: CALLED /api/address
2015-09-17 17:33:27,531 INFO app 66: CALLED /api/register/19DTsjkPvsCGVz9DKws4fB3HAJ5ER3uBuf/19DTsjkPvsCGVz9DKws4fB3HAJ5ER3uBuf
2015-09-17 17:33:28,407 INFO app 66: CALLED /api/register/19DTsjkPvsCGVz9DKws4fB3HAJ5ER3uBuf/19DTsjkPvsCGVz9DKws4fB3HAJ5ER3uBuf
2015-09-17 17:33:28,656 WARNING dataserv.Farmer 78: Address already registered: 19DTsjkPvsCGVz9DKws4fB3HAJ5ER3uBuf
2015-09-17 17:33:28,656 WARNING app 79: Address already is registered.
2015-09-17 17:33:32,871 INFO app 113: CALLED /api/address
2015-09-17 17:33:33,760 INFO app 66: CALLED /api/register/1JSx9w9k27taKqQ9Cx6QCxL7RjoDJcdNWD/1JSx9w9k27taKqQ9Cx6QCxL7RjoDJcdNWD
2015-09-17 17:33:37,241 INFO app 66: CALLED /api/register/18TB1YbNuboKFRG2fDvuerQt9qMiGpqvyT/18TB1YbNuboKFRG2fDvuerQt9qMiGpqvyT
2015-09-17 17:33:37,621 INFO app 137: CALLED /api/online/json
