$ ase-db abc.out relaxed=1 -l
name      |unit  |value
id        |      |2
age       |      |0.188 seconds
formula   |      |H2
user      |      |jensj
calculator|      |emt
energy    |eV    |1.07054126233
fmax      |eV/Ang|9.2526347333e-05
charge    ||e|   |0.0
mass      |au    |2.01588
unique id |      |64dc328835526a1d579aed9378bb9490
volume    |Ang^3 |1.0

Unit cell in Ang:
axis|periodic|          x|          y|          z
   1|      no|      1.000|      0.000|      0.000
   2|      no|      0.000|      1.000|      0.000
   3|      no|      0.000|      0.000|      1.000

Key-value pairs:
relaxed|True

Forces in ev/Ang:
   0|H |     0.000|    -0.000|    -0.000
   1|H |    -0.000|     0.000|     0.000

Data: abc
