Schedule 3 tasks for 10 seconds (system time) then terminate.
Task #0 is scheduled every 5 seconds, epoch aligned, forever.
Task #1 is scheduled every second, aligned at half second, forever.
Task #2 is scheduled every second, aligned at half second, for 5 times.
id     runtime        sys-runtime run number
task 1 1431619393.500 0.000144005
task 2 1431619393.500 0.000193119 4
task 1 1431619394.500 0.000138044
task 2 1431619394.500 0.000178099 3
task 0 1431619395.000 0.000114918
task 1 1431619395.500 0.000138998
task 2 1431619395.500 0.000176907 2
task 1 1431619396.500 0.000140905
task 2 1431619396.500 0.000180006 1 this is the last run
task 1 1431619397.500 0.000129938
task 1 1431619398.500 0.000138998
task 1 1431619399.500 0.000132084
task 0 1431619400.000 0.000137091
task 1 1431619400.500 0.000135899
task 1 1431619401.500 0.000129938
task 1 1431619402.500 0.000140905
